<?xml version="1.0" encoding="UTF-8"?>
<testng-results skipped="0" failed="0" ignored="0" total="2" passed="2">
  <reporter-output>
  </reporter-output>
  <suite name="Default suite" duration-ms="53" started-at="2018-09-10T16:00:36Z" finished-at="2018-09-10T16:00:36Z">
    <groups>
    </groups>
    <test name="Default test" duration-ms="53" started-at="2018-09-10T16:00:36Z" finished-at="2018-09-10T16:00:36Z">
      <class name="com.ashish.test.DemoTest2">
        <test-method status="PASS" signature="Diff()[pri:0, instance:com.ashish.test.DemoTest2@55f3ddb1]" name="Diff" duration-ms="15" started-at="2018-09-10T16:00:36Z" finished-at="2018-09-10T16:00:36Z">
          <reporter-output>
          </reporter-output>
        </test-method> <!-- Diff -->
      </class> <!-- com.ashish.test.DemoTest2 -->
      <class name="com.ashish.test.DemoTest">
        <test-method status="PASS" signature="Sum()[pri:0, instance:com.ashish.test.DemoTest@8bd1b6a]" name="Sum" duration-ms="3" started-at="2018-09-10T16:00:36Z" finished-at="2018-09-10T16:00:36Z">
          <reporter-output>
          </reporter-output>
        </test-method> <!-- Sum -->
      </class> <!-- com.ashish.test.DemoTest -->
    </test> <!-- Default test -->
  </suite> <!-- Default suite -->
</testng-results>
